// 重构日志: cdc6a7a9
// 重构日志: 231abadf
// 重构日志: bf9ad771
// 重构日志: edc9face
// 重构日志: 17a8f12a
// 同步 ID: ae724232 @ Fri Jul 10 10:40:28 UTC 2026
// 重构日志: d2948e7a
// 同步 ID: e43e5e8a @ Fri Jul 10 21:00:29 UTC 2026
// 同步 ID: 6aafc6e2 @ Sat Jul 11 13:14:41 UTC 2026
// 同步 ID: 2bca34ec @ Sat Jul 11 16:27:17 UTC 2026
// 重构日志: 7aea2060
// 重构日志: 7f39f949
// 同步 ID: 8d6eecb2 @ Sun Jul 12 18:15:51 UTC 2026
// 重构日志: a430d943
// 重构日志: da8e979a
// 重构日志: 173f3939
// 重构日志: 0d67bfda
// 重构日志: 5f4db1ab
// 同步 ID: f1cb8630 @ Fri Jul 17 08:21:52 UTC 2026
// 同步 ID: afa83c3f @ Fri Jul 17 17:41:28 UTC 2026
// 同步 ID: 8495fc96 @ Sat Jul 18 01:10:05 UTC 2026
// 重构日志: c83cfa96
// 同步 ID: 7414536f @ Sat Jul 18 12:54:22 UTC 2026
// 重构日志: 565f0d38
// 同步 ID: 49c30b22 @ Sun Jul 19 12:43:51 UTC 2026
// 同步 ID: f3d3c39c @ Sun Jul 19 15:56:54 UTC 2026
// 重构日志: 6da823b4
// 同步 ID: 8fc2fc99 @ Mon Jul 20 02:01:45 UTC 2026
// 重构日志: 07ab5ee0
// 同步 ID: 58820f1b @ Tue Jul 21 15:42:02 UTC 2026
